---------- Date: 2013-11-15 09:51:01 ~ IP : 83.8.141.115 ----------
REQUEST URI : /gackade/admin/index.php?route=catalog/product/update&amp;token=55004b393602798ecaa8fd43f14d25f0&amp;product_id=5003&amp;filter_category_id=73&amp;filter_state=new&amp;filter_cars[make]=Marka&amp;filter_cars[model]=Model&amp;filter_cars[type]=Typ
MOD DETAILS:
   modFile   : /home/demostrona/domains/demo.stronazen.pl/public_html/gackade/vqmod/xml/Auto-SEO-keywords-URL.xml
   id        : Auto SEO Keywords
   version   : 1
   vqmver    : 
   author    : Creative Ground
SEARCH NOT FOUND (ABORTING MOD): name="keyword"

----------------------------------------------------------------------


---------- Date: 2013-11-15 09:53:48 ~ IP : 83.8.141.115 ----------
REQUEST URI : /gackade/admin/index.php?route=catalog/product/insert&amp;token=55004b393602798ecaa8fd43f14d25f0&amp;filter_category_id=73&amp;filter_state=new&amp;filter_cars[make]=Marka&amp;filter_cars[model]=Model&amp;filter_cars[type]=Typ
MOD DETAILS:
   modFile   : /home/demostrona/domains/demo.stronazen.pl/public_html/gackade/vqmod/xml/Auto-SEO-keywords-URL.xml
   id        : Auto SEO Keywords
   version   : 1
   vqmver    : 
   author    : Creative Ground
SEARCH NOT FOUND (ABORTING MOD): name="keyword"

----------------------------------------------------------------------


---------- Date: 2013-11-15 10:00:00 ~ IP : 83.8.141.115 ----------
REQUEST URI : /gackade/admin/index.php?route=catalog/product/update&amp;token=55004b393602798ecaa8fd43f14d25f0&amp;product_id=5002&amp;filter_category_id=73&amp;filter_state=new&amp;filter_cars[make]=Marka&amp;filter_cars[model]=Model&amp;filter_cars[type]=Typ
MOD DETAILS:
   modFile   : /home/demostrona/domains/demo.stronazen.pl/public_html/gackade/vqmod/xml/Auto-SEO-keywords-URL.xml
   id        : Auto SEO Keywords
   version   : 1
   vqmver    : 
   author    : Creative Ground
SEARCH NOT FOUND (ABORTING MOD): name="keyword"

----------------------------------------------------------------------


---------- Date: 2013-11-15 10:31:33 ~ IP : 83.8.141.115 ----------
REQUEST URI : /gackade/admin/index.php?route=catalog/product/update&amp;token=8c9d90a72341ce490c2c6c33d19ddd7a&amp;product_id=582&amp;filter_category_id=59&amp;filter_state=new&amp;filter_cars[make]=Marka&amp;filter_cars[model]=Model&amp;filter_cars[type]=Typ
MOD DETAILS:
   modFile   : /home/demostrona/domains/demo.stronazen.pl/public_html/gackade/vqmod/xml/Auto-SEO-keywords-URL.xml
   id        : Auto SEO Keywords
   version   : 1
   vqmver    : 
   author    : Creative Ground
SEARCH NOT FOUND (ABORTING MOD): name="keyword"

----------------------------------------------------------------------


---------- Date: 2013-11-15 10:34:04 ~ IP : 83.8.141.115 ----------
REQUEST URI : /gackade/admin/index.php?route=catalog/product/update&amp;token=8c9d90a72341ce490c2c6c33d19ddd7a&amp;product_id=582&amp;filter_category_id=59&amp;filter_state=new&amp;filter_cars[make]=Marka&amp;filter_cars[model]=Model&amp;filter_cars[type]=Typ
MOD DETAILS:
   modFile   : /home/demostrona/domains/demo.stronazen.pl/public_html/gackade/vqmod/xml/Auto-SEO-keywords-URL.xml
   id        : Auto SEO Keywords
   version   : 1
   vqmver    : 
   author    : Creative Ground
SEARCH NOT FOUND (ABORTING MOD): name="keyword"

----------------------------------------------------------------------


---------- Date: 2013-11-15 10:58:08 ~ IP : 83.8.141.115 ----------
REQUEST URI : /gackade/admin/index.php?route=catalog/product/update&amp;token=3a7ff340750e46c5fb1773cddb5a8c70&amp;product_id=5002&amp;filter_category_id=73&amp;filter_state=new&amp;filter_cars[make]=Marka&amp;filter_cars[model]=Model&amp;filter_cars[type]=Typ
MOD DETAILS:
   modFile   : /home/demostrona/domains/demo.stronazen.pl/public_html/gackade/vqmod/xml/Auto-SEO-keywords-URL.xml
   id        : Auto SEO Keywords
   version   : 1
   vqmver    : 
   author    : Creative Ground
SEARCH NOT FOUND (ABORTING MOD): name="keyword"

----------------------------------------------------------------------


---------- Date: 2013-11-15 10:58:10 ~ IP : 83.8.141.115 ----------
REQUEST URI : /gackade/admin/index.php?route=catalog/product/update&amp;token=3a7ff340750e46c5fb1773cddb5a8c70&amp;product_id=5000&amp;filter_category_id=73&amp;filter_state=new&amp;filter_cars[make]=Marka&amp;filter_cars[model]=Model&amp;filter_cars[type]=Typ
MOD DETAILS:
   modFile   : /home/demostrona/domains/demo.stronazen.pl/public_html/gackade/vqmod/xml/Auto-SEO-keywords-URL.xml
   id        : Auto SEO Keywords
   version   : 1
   vqmver    : 
   author    : Creative Ground
SEARCH NOT FOUND (ABORTING MOD): name="keyword"

----------------------------------------------------------------------


---------- Date: 2013-11-15 10:58:10 ~ IP : 83.8.141.115 ----------
REQUEST URI : /gackade/admin/index.php?route=catalog/product/update&amp;token=3a7ff340750e46c5fb1773cddb5a8c70&amp;product_id=4999&amp;filter_category_id=73&amp;filter_state=new&amp;filter_cars[make]=Marka&amp;filter_cars[model]=Model&amp;filter_cars[type]=Typ
MOD DETAILS:
   modFile   : /home/demostrona/domains/demo.stronazen.pl/public_html/gackade/vqmod/xml/Auto-SEO-keywords-URL.xml
   id        : Auto SEO Keywords
   version   : 1
   vqmver    : 
   author    : Creative Ground
SEARCH NOT FOUND (ABORTING MOD): name="keyword"

----------------------------------------------------------------------


---------- Date: 2013-11-15 10:58:13 ~ IP : 83.8.141.115 ----------
REQUEST URI : /gackade/admin/index.php?route=catalog/product/update&amp;token=3a7ff340750e46c5fb1773cddb5a8c70&amp;product_id=4997&amp;filter_category_id=73&amp;filter_state=new&amp;filter_cars[make]=Marka&amp;filter_cars[model]=Model&amp;filter_cars[type]=Typ
MOD DETAILS:
   modFile   : /home/demostrona/domains/demo.stronazen.pl/public_html/gackade/vqmod/xml/Auto-SEO-keywords-URL.xml
   id        : Auto SEO Keywords
   version   : 1
   vqmver    : 
   author    : Creative Ground
SEARCH NOT FOUND (ABORTING MOD): name="keyword"

----------------------------------------------------------------------


---------- Date: 2013-11-15 10:58:13 ~ IP : 83.8.141.115 ----------
REQUEST URI : /gackade/admin/index.php?route=catalog/product/update&amp;token=3a7ff340750e46c5fb1773cddb5a8c70&amp;product_id=5001&amp;filter_category_id=73&amp;filter_state=new&amp;filter_cars[make]=Marka&amp;filter_cars[model]=Model&amp;filter_cars[type]=Typ
MOD DETAILS:
   modFile   : /home/demostrona/domains/demo.stronazen.pl/public_html/gackade/vqmod/xml/Auto-SEO-keywords-URL.xml
   id        : Auto SEO Keywords
   version   : 1
   vqmver    : 
   author    : Creative Ground
SEARCH NOT FOUND (ABORTING MOD): name="keyword"

----------------------------------------------------------------------


---------- Date: 2013-11-15 10:58:13 ~ IP : 83.8.141.115 ----------
REQUEST URI : /gackade/admin/index.php?route=catalog/product/update&amp;token=3a7ff340750e46c5fb1773cddb5a8c70&amp;product_id=4993&amp;filter_category_id=73&amp;filter_state=new&amp;filter_cars[make]=Marka&amp;filter_cars[model]=Model&amp;filter_cars[type]=Typ
MOD DETAILS:
   modFile   : /home/demostrona/domains/demo.stronazen.pl/public_html/gackade/vqmod/xml/Auto-SEO-keywords-URL.xml
   id        : Auto SEO Keywords
   version   : 1
   vqmver    : 
   author    : Creative Ground
SEARCH NOT FOUND (ABORTING MOD): name="keyword"

----------------------------------------------------------------------


---------- Date: 2013-11-15 10:58:16 ~ IP : 83.8.141.115 ----------
REQUEST URI : /gackade/admin/index.php?route=catalog/product/update&amp;token=3a7ff340750e46c5fb1773cddb5a8c70&amp;product_id=4992&amp;filter_category_id=73&amp;filter_state=new&amp;filter_cars[make]=Marka&amp;filter_cars[model]=Model&amp;filter_cars[type]=Typ
MOD DETAILS:
   modFile   : /home/demostrona/domains/demo.stronazen.pl/public_html/gackade/vqmod/xml/Auto-SEO-keywords-URL.xml
   id        : Auto SEO Keywords
   version   : 1
   vqmver    : 
   author    : Creative Ground
SEARCH NOT FOUND (ABORTING MOD): name="keyword"

----------------------------------------------------------------------


---------- Date: 2013-11-15 10:58:19 ~ IP : 83.8.141.115 ----------
REQUEST URI : /gackade/admin/index.php?route=catalog/product/update&amp;token=3a7ff340750e46c5fb1773cddb5a8c70&amp;product_id=5004&amp;filter_category_id=73&amp;filter_state=new&amp;filter_cars[make]=Marka&amp;filter_cars[model]=Model&amp;filter_cars[type]=Typ
MOD DETAILS:
   modFile   : /home/demostrona/domains/demo.stronazen.pl/public_html/gackade/vqmod/xml/Auto-SEO-keywords-URL.xml
   id        : Auto SEO Keywords
   version   : 1
   vqmver    : 
   author    : Creative Ground
SEARCH NOT FOUND (ABORTING MOD): name="keyword"

----------------------------------------------------------------------


---------- Date: 2013-11-15 10:58:20 ~ IP : 83.8.141.115 ----------
REQUEST URI : /gackade/admin/index.php?route=catalog/product/update&amp;token=3a7ff340750e46c5fb1773cddb5a8c70&amp;product_id=4987&amp;filter_category_id=73&amp;filter_state=new&amp;filter_cars[make]=Marka&amp;filter_cars[model]=Model&amp;filter_cars[type]=Typ
MOD DETAILS:
   modFile   : /home/demostrona/domains/demo.stronazen.pl/public_html/gackade/vqmod/xml/Auto-SEO-keywords-URL.xml
   id        : Auto SEO Keywords
   version   : 1
   vqmver    : 
   author    : Creative Ground
SEARCH NOT FOUND (ABORTING MOD): name="keyword"

----------------------------------------------------------------------


---------- Date: 2013-11-15 10:58:23 ~ IP : 83.8.141.115 ----------
REQUEST URI : /gackade/admin/index.php?route=catalog/product/update&amp;token=3a7ff340750e46c5fb1773cddb5a8c70&amp;product_id=4996&amp;filter_category_id=73&amp;filter_state=new&amp;filter_cars[make]=Marka&amp;filter_cars[model]=Model&amp;filter_cars[type]=Typ
MOD DETAILS:
   modFile   : /home/demostrona/domains/demo.stronazen.pl/public_html/gackade/vqmod/xml/Auto-SEO-keywords-URL.xml
   id        : Auto SEO Keywords
   version   : 1
   vqmver    : 
   author    : Creative Ground
SEARCH NOT FOUND (ABORTING MOD): name="keyword"

----------------------------------------------------------------------


---------- Date: 2013-11-15 10:58:23 ~ IP : 83.8.141.115 ----------
REQUEST URI : /gackade/admin/index.php?route=catalog/product/update&amp;token=3a7ff340750e46c5fb1773cddb5a8c70&amp;product_id=4995&amp;filter_category_id=73&amp;filter_state=new&amp;filter_cars[make]=Marka&amp;filter_cars[model]=Model&amp;filter_cars[type]=Typ
MOD DETAILS:
   modFile   : /home/demostrona/domains/demo.stronazen.pl/public_html/gackade/vqmod/xml/Auto-SEO-keywords-URL.xml
   id        : Auto SEO Keywords
   version   : 1
   vqmver    : 
   author    : Creative Ground
SEARCH NOT FOUND (ABORTING MOD): name="keyword"

----------------------------------------------------------------------


---------- Date: 2013-11-15 10:58:25 ~ IP : 83.8.141.115 ----------
REQUEST URI : /gackade/admin/index.php?route=catalog/product/update&amp;token=3a7ff340750e46c5fb1773cddb5a8c70&amp;product_id=4998&amp;filter_category_id=73&amp;filter_state=new&amp;filter_cars[make]=Marka&amp;filter_cars[model]=Model&amp;filter_cars[type]=Typ
MOD DETAILS:
   modFile   : /home/demostrona/domains/demo.stronazen.pl/public_html/gackade/vqmod/xml/Auto-SEO-keywords-URL.xml
   id        : Auto SEO Keywords
   version   : 1
   vqmver    : 
   author    : Creative Ground
SEARCH NOT FOUND (ABORTING MOD): name="keyword"

----------------------------------------------------------------------


---------- Date: 2013-11-15 10:58:26 ~ IP : 83.8.141.115 ----------
REQUEST URI : /gackade/admin/index.php?route=catalog/product/update&amp;token=3a7ff340750e46c5fb1773cddb5a8c70&amp;product_id=4988&amp;filter_category_id=73&amp;filter_state=new&amp;filter_cars[make]=Marka&amp;filter_cars[model]=Model&amp;filter_cars[type]=Typ
MOD DETAILS:
   modFile   : /home/demostrona/domains/demo.stronazen.pl/public_html/gackade/vqmod/xml/Auto-SEO-keywords-URL.xml
   id        : Auto SEO Keywords
   version   : 1
   vqmver    : 
   author    : Creative Ground
SEARCH NOT FOUND (ABORTING MOD): name="keyword"

----------------------------------------------------------------------


---------- Date: 2013-11-15 10:58:27 ~ IP : 83.8.141.115 ----------
REQUEST URI : /gackade/admin/index.php?route=catalog/product/update&amp;token=3a7ff340750e46c5fb1773cddb5a8c70&amp;product_id=5003&amp;filter_category_id=73&amp;filter_state=new&amp;filter_cars[make]=Marka&amp;filter_cars[model]=Model&amp;filter_cars[type]=Typ
MOD DETAILS:
   modFile   : /home/demostrona/domains/demo.stronazen.pl/public_html/gackade/vqmod/xml/Auto-SEO-keywords-URL.xml
   id        : Auto SEO Keywords
   version   : 1
   vqmver    : 
   author    : Creative Ground
SEARCH NOT FOUND (ABORTING MOD): name="keyword"

----------------------------------------------------------------------


---------- Date: 2013-11-15 10:58:28 ~ IP : 83.8.141.115 ----------
REQUEST URI : /gackade/admin/index.php?route=catalog/product/update&amp;token=3a7ff340750e46c5fb1773cddb5a8c70&amp;product_id=4994&amp;filter_category_id=73&amp;filter_state=new&amp;filter_cars[make]=Marka&amp;filter_cars[model]=Model&amp;filter_cars[type]=Typ
MOD DETAILS:
   modFile   : /home/demostrona/domains/demo.stronazen.pl/public_html/gackade/vqmod/xml/Auto-SEO-keywords-URL.xml
   id        : Auto SEO Keywords
   version   : 1
   vqmver    : 
   author    : Creative Ground
SEARCH NOT FOUND (ABORTING MOD): name="keyword"

----------------------------------------------------------------------


---------- Date: 2013-11-15 11:00:38 ~ IP : 83.8.141.115 ----------
REQUEST URI : /gackade/admin/index.php?route=catalog/product/update&amp;token=3a7ff340750e46c5fb1773cddb5a8c70&amp;product_id=4992
MOD DETAILS:
   modFile   : /home/demostrona/domains/demo.stronazen.pl/public_html/gackade/vqmod/xml/Auto-SEO-keywords-URL.xml
   id        : Auto SEO Keywords
   version   : 1
   vqmver    : 
   author    : Creative Ground
SEARCH NOT FOUND (ABORTING MOD): name="keyword"

----------------------------------------------------------------------


---------- Date: 2013-11-15 11:02:05 ~ IP : 83.8.141.115 ----------
REQUEST URI : /gackade/admin/index.php?route=catalog/product/update&amp;token=8c9d90a72341ce490c2c6c33d19ddd7a&amp;product_id=1732&amp;filter_category_id=59&amp;filter_state=new&amp;filter_cars[make]=Marka&amp;filter_cars[model]=Model&amp;filter_cars[type]=Typ
MOD DETAILS:
   modFile   : /home/demostrona/domains/demo.stronazen.pl/public_html/gackade/vqmod/xml/Auto-SEO-keywords-URL.xml
   id        : Auto SEO Keywords
   version   : 1
   vqmver    : 
   author    : Creative Ground
SEARCH NOT FOUND (ABORTING MOD): name="keyword"

----------------------------------------------------------------------


---------- Date: 2013-11-15 11:02:50 ~ IP : 83.8.141.115 ----------
REQUEST URI : /gackade/admin/index.php?route=catalog/product/update&amp;token=8c9d90a72341ce490c2c6c33d19ddd7a&amp;product_id=1732&amp;filter_category_id=59&amp;filter_state=new&amp;filter_cars[make]=Marka&amp;filter_cars[model]=Model&amp;filter_cars[type]=Typ
MOD DETAILS:
   modFile   : /home/demostrona/domains/demo.stronazen.pl/public_html/gackade/vqmod/xml/Auto-SEO-keywords-URL.xml
   id        : Auto SEO Keywords
   version   : 1
   vqmver    : 
   author    : Creative Ground
SEARCH NOT FOUND (ABORTING MOD): name="keyword"

----------------------------------------------------------------------


---------- Date: 2013-11-15 11:02:59 ~ IP : 83.8.141.115 ----------
REQUEST URI : /gackade/admin/index.php?route=catalog/product/update&amp;token=8c9d90a72341ce490c2c6c33d19ddd7a&amp;product_id=5005&amp;filter_category_id=59&amp;filter_state=new&amp;filter_cars[make]=Marka&amp;filter_cars[model]=Model&amp;filter_cars[type]=Typ
MOD DETAILS:
   modFile   : /home/demostrona/domains/demo.stronazen.pl/public_html/gackade/vqmod/xml/Auto-SEO-keywords-URL.xml
   id        : Auto SEO Keywords
   version   : 1
   vqmver    : 
   author    : Creative Ground
SEARCH NOT FOUND (ABORTING MOD): name="keyword"

----------------------------------------------------------------------


---------- Date: 2013-11-15 11:03:22 ~ IP : 83.8.141.115 ----------
REQUEST URI : /gackade/admin/index.php?route=catalog/product/update&amp;token=3a7ff340750e46c5fb1773cddb5a8c70&amp;product_id=5002&amp;filter_category_id=73&amp;filter_state=new&amp;filter_cars[make]=Marka&amp;filter_cars[model]=Model&amp;filter_cars[type]=Typ
MOD DETAILS:
   modFile   : /home/demostrona/domains/demo.stronazen.pl/public_html/gackade/vqmod/xml/Auto-SEO-keywords-URL.xml
   id        : Auto SEO Keywords
   version   : 1
   vqmver    : 
   author    : Creative Ground
SEARCH NOT FOUND (ABORTING MOD): name="keyword"

----------------------------------------------------------------------


---------- Date: 2013-11-15 11:03:22 ~ IP : 83.8.141.115 ----------
REQUEST URI : /gackade/admin/index.php?route=catalog/product/update&amp;token=3a7ff340750e46c5fb1773cddb5a8c70&amp;product_id=5001&amp;filter_category_id=73&amp;filter_state=new&amp;filter_cars[make]=Marka&amp;filter_cars[model]=Model&amp;filter_cars[type]=Typ
MOD DETAILS:
   modFile   : /home/demostrona/domains/demo.stronazen.pl/public_html/gackade/vqmod/xml/Auto-SEO-keywords-URL.xml
   id        : Auto SEO Keywords
   version   : 1
   vqmver    : 
   author    : Creative Ground
SEARCH NOT FOUND (ABORTING MOD): name="keyword"

----------------------------------------------------------------------


---------- Date: 2013-11-15 11:03:34 ~ IP : 83.8.141.115 ----------
REQUEST URI : /gackade/admin/index.php?route=catalog/product/update&amp;token=8c9d90a72341ce490c2c6c33d19ddd7a&amp;product_id=5005&amp;filter_category_id=59&amp;filter_state=new&amp;filter_cars[make]=Marka&amp;filter_cars[model]=Model&amp;filter_cars[type]=Typ
MOD DETAILS:
   modFile   : /home/demostrona/domains/demo.stronazen.pl/public_html/gackade/vqmod/xml/Auto-SEO-keywords-URL.xml
   id        : Auto SEO Keywords
   version   : 1
   vqmver    : 
   author    : Creative Ground
SEARCH NOT FOUND (ABORTING MOD): name="keyword"

----------------------------------------------------------------------


---------- Date: 2013-11-15 11:03:38 ~ IP : 83.8.141.115 ----------
REQUEST URI : /gackade/admin/index.php?route=catalog/product/update&amp;token=3a7ff340750e46c5fb1773cddb5a8c70&amp;product_id=4999&amp;filter_category_id=73&amp;filter_state=new&amp;filter_cars[make]=Marka&amp;filter_cars[model]=Model&amp;filter_cars[type]=Typ
MOD DETAILS:
   modFile   : /home/demostrona/domains/demo.stronazen.pl/public_html/gackade/vqmod/xml/Auto-SEO-keywords-URL.xml
   id        : Auto SEO Keywords
   version   : 1
   vqmver    : 
   author    : Creative Ground
SEARCH NOT FOUND (ABORTING MOD): name="keyword"

----------------------------------------------------------------------


---------- Date: 2013-11-15 11:03:41 ~ IP : 83.8.141.115 ----------
REQUEST URI : /gackade/admin/index.php?route=catalog/product/update&amp;token=3a7ff340750e46c5fb1773cddb5a8c70&amp;product_id=5000&amp;filter_category_id=73&amp;filter_state=new&amp;filter_cars[make]=Marka&amp;filter_cars[model]=Model&amp;filter_cars[type]=Typ
MOD DETAILS:
   modFile   : /home/demostrona/domains/demo.stronazen.pl/public_html/gackade/vqmod/xml/Auto-SEO-keywords-URL.xml
   id        : Auto SEO Keywords
   version   : 1
   vqmver    : 
   author    : Creative Ground
SEARCH NOT FOUND (ABORTING MOD): name="keyword"

----------------------------------------------------------------------


---------- Date: 2013-11-15 11:05:12 ~ IP : 83.8.141.115 ----------
REQUEST URI : /gackade/admin/index.php?route=catalog/product/update&amp;token=3a7ff340750e46c5fb1773cddb5a8c70&amp;product_id=5002&amp;filter_category_id=73&amp;filter_state=new&amp;filter_cars[make]=Marka&amp;filter_cars[model]=Model&amp;filter_cars[type]=Typ
MOD DETAILS:
   modFile   : /home/demostrona/domains/demo.stronazen.pl/public_html/gackade/vqmod/xml/Auto-SEO-keywords-URL.xml
   id        : Auto SEO Keywords
   version   : 1
   vqmver    : 
   author    : Creative Ground
SEARCH NOT FOUND (ABORTING MOD): name="keyword"

----------------------------------------------------------------------


---------- Date: 2013-11-15 11:07:52 ~ IP : 83.8.141.115 ----------
REQUEST URI : /gackade/admin/index.php?route=catalog/product/update&amp;token=8c9d90a72341ce490c2c6c33d19ddd7a&amp;product_id=5006&amp;filter_category_id=59&amp;filter_state=new&amp;filter_cars[make]=Marka&amp;filter_cars[model]=Model&amp;filter_cars[type]=Typ
MOD DETAILS:
   modFile   : /home/demostrona/domains/demo.stronazen.pl/public_html/gackade/vqmod/xml/Auto-SEO-keywords-URL.xml
   id        : Auto SEO Keywords
   version   : 1
   vqmver    : 
   author    : Creative Ground
SEARCH NOT FOUND (ABORTING MOD): name="keyword"

----------------------------------------------------------------------


---------- Date: 2013-11-15 11:08:05 ~ IP : 83.8.141.115 ----------
REQUEST URI : /gackade/admin/index.php?route=catalog/product/update&amp;token=8c9d90a72341ce490c2c6c33d19ddd7a&amp;product_id=1732&amp;filter_category_id=59&amp;filter_state=new&amp;filter_cars[make]=Marka&amp;filter_cars[model]=Model&amp;filter_cars[type]=Typ
MOD DETAILS:
   modFile   : /home/demostrona/domains/demo.stronazen.pl/public_html/gackade/vqmod/xml/Auto-SEO-keywords-URL.xml
   id        : Auto SEO Keywords
   version   : 1
   vqmver    : 
   author    : Creative Ground
SEARCH NOT FOUND (ABORTING MOD): name="keyword"

----------------------------------------------------------------------


---------- Date: 2013-11-15 11:13:37 ~ IP : 83.8.141.115 ----------
REQUEST URI : /gackade/admin/index.php?route=catalog/product/update&amp;token=8c9d90a72341ce490c2c6c33d19ddd7a&amp;product_id=5007&amp;filter_category_id=59&amp;filter_state=new&amp;filter_cars[make]=Marka&amp;filter_cars[model]=Model&amp;filter_cars[type]=Typ
MOD DETAILS:
   modFile   : /home/demostrona/domains/demo.stronazen.pl/public_html/gackade/vqmod/xml/Auto-SEO-keywords-URL.xml
   id        : Auto SEO Keywords
   version   : 1
   vqmver    : 
   author    : Creative Ground
SEARCH NOT FOUND (ABORTING MOD): name="keyword"

----------------------------------------------------------------------


---------- Date: 2013-11-15 11:20:10 ~ IP : 83.8.141.115 ----------
REQUEST URI : /gackade/admin/index.php?route=catalog/product/update&amp;token=8c9d90a72341ce490c2c6c33d19ddd7a&amp;product_id=1732&amp;filter_category_id=59&amp;filter_state=new&amp;filter_cars[make]=Marka&amp;filter_cars[model]=Model&amp;filter_cars[type]=Typ
MOD DETAILS:
   modFile   : /home/demostrona/domains/demo.stronazen.pl/public_html/gackade/vqmod/xml/Auto-SEO-keywords-URL.xml
   id        : Auto SEO Keywords
   version   : 1
   vqmver    : 
   author    : Creative Ground
SEARCH NOT FOUND (ABORTING MOD): name="keyword"

----------------------------------------------------------------------


---------- Date: 2013-11-15 11:27:12 ~ IP : 83.8.141.115 ----------
REQUEST URI : /gackade/admin/index.php?route=catalog/product/update&amp;token=8c9d90a72341ce490c2c6c33d19ddd7a&amp;product_id=1732&amp;filter_category_id=59&amp;filter_state=new&amp;filter_cars[make]=Marka&amp;filter_cars[model]=Model&amp;filter_cars[type]=Typ
MOD DETAILS:
   modFile   : /home/demostrona/domains/demo.stronazen.pl/public_html/gackade/vqmod/xml/Auto-SEO-keywords-URL.xml
   id        : Auto SEO Keywords
   version   : 1
   vqmver    : 
   author    : Creative Ground
SEARCH NOT FOUND (ABORTING MOD): name="keyword"

----------------------------------------------------------------------


---------- Date: 2013-11-15 11:27:32 ~ IP : 83.8.141.115 ----------
REQUEST URI : /gackade/admin/index.php?route=catalog/product/update&amp;token=8c9d90a72341ce490c2c6c33d19ddd7a&amp;product_id=5007&amp;filter_category_id=59&amp;filter_state=new&amp;filter_cars[make]=Marka&amp;filter_cars[model]=Model&amp;filter_cars[type]=Typ
MOD DETAILS:
   modFile   : /home/demostrona/domains/demo.stronazen.pl/public_html/gackade/vqmod/xml/Auto-SEO-keywords-URL.xml
   id        : Auto SEO Keywords
   version   : 1
   vqmver    : 
   author    : Creative Ground
SEARCH NOT FOUND (ABORTING MOD): name="keyword"

----------------------------------------------------------------------


---------- Date: 2013-11-15 11:27:57 ~ IP : 83.8.141.115 ----------
REQUEST URI : /gackade/admin/index.php?route=catalog/product/update&amp;token=8c9d90a72341ce490c2c6c33d19ddd7a&amp;product_id=5008&amp;filter_category_id=59&amp;filter_state=new&amp;filter_cars[make]=Marka&amp;filter_cars[model]=Model&amp;filter_cars[type]=Typ
MOD DETAILS:
   modFile   : /home/demostrona/domains/demo.stronazen.pl/public_html/gackade/vqmod/xml/Auto-SEO-keywords-URL.xml
   id        : Auto SEO Keywords
   version   : 1
   vqmver    : 
   author    : Creative Ground
SEARCH NOT FOUND (ABORTING MOD): name="keyword"

----------------------------------------------------------------------


---------- Date: 2013-11-15 11:28:30 ~ IP : 83.8.141.115 ----------
REQUEST URI : /gackade/admin/index.php?route=catalog/product/update&amp;token=8c9d90a72341ce490c2c6c33d19ddd7a&amp;product_id=4591&amp;filter_category_id=59&amp;filter_state=regenerated&amp;filter_cars[make]=Marka&amp;filter_cars[model]=Model&amp;filter_cars[type]=Typ
MOD DETAILS:
   modFile   : /home/demostrona/domains/demo.stronazen.pl/public_html/gackade/vqmod/xml/Auto-SEO-keywords-URL.xml
   id        : Auto SEO Keywords
   version   : 1
   vqmver    : 
   author    : Creative Ground
SEARCH NOT FOUND (ABORTING MOD): name="keyword"

----------------------------------------------------------------------


---------- Date: 2013-11-15 11:57:05 ~ IP : 83.8.141.115 ----------
REQUEST URI : /gackade/admin/index.php?route=catalog/category/update&amp;token=8c9d90a72341ce490c2c6c33d19ddd7a&amp;category_id=73
MOD DETAILS:
   modFile   : /home/demostrona/domains/demo.stronazen.pl/public_html/gackade/vqmod/xml/Auto-SEO-keywords-URL.xml
   id        : Auto SEO Keywords
   version   : 1
   vqmver    : 
   author    : Creative Ground
SEARCH NOT FOUND (ABORTING MOD): name="keyword"

----------------------------------------------------------------------


---------- Date: 2013-11-15 11:57:15 ~ IP : 83.8.141.115 ----------
REQUEST URI : /gackade/admin/index.php?route=catalog/category/update&amp;token=8c9d90a72341ce490c2c6c33d19ddd7a&amp;category_id=73
MOD DETAILS:
   modFile   : /home/demostrona/domains/demo.stronazen.pl/public_html/gackade/vqmod/xml/Auto-SEO-keywords-URL.xml
   id        : Auto SEO Keywords
   version   : 1
   vqmver    : 
   author    : Creative Ground
SEARCH NOT FOUND (ABORTING MOD): name="keyword"

----------------------------------------------------------------------


---------- Date: 2013-11-15 11:57:22 ~ IP : 83.8.141.115 ----------
REQUEST URI : /gackade/admin/index.php?route=catalog/category/update&amp;token=8c9d90a72341ce490c2c6c33d19ddd7a&amp;category_id=73
MOD DETAILS:
   modFile   : /home/demostrona/domains/demo.stronazen.pl/public_html/gackade/vqmod/xml/Auto-SEO-keywords-URL.xml
   id        : Auto SEO Keywords
   version   : 1
   vqmver    : 
   author    : Creative Ground
SEARCH NOT FOUND (ABORTING MOD): name="keyword"

----------------------------------------------------------------------


---------- Date: 2013-11-15 12:04:15 ~ IP : 83.8.141.115 ----------
REQUEST URI : /gackade/admin/index.php?route=catalog/product/update&amp;token=8c9d90a72341ce490c2c6c33d19ddd7a&amp;product_id=582&amp;filter_category_id=59&amp;filter_state=new&amp;filter_cars[make]=Marka&amp;filter_cars[model]=Model&amp;filter_cars[type]=Typ
MOD DETAILS:
   modFile   : /home/demostrona/domains/demo.stronazen.pl/public_html/gackade/vqmod/xml/Auto-SEO-keywords-URL.xml
   id        : Auto SEO Keywords
   version   : 1
   vqmver    : 
   author    : Creative Ground
SEARCH NOT FOUND (ABORTING MOD): name="keyword"

----------------------------------------------------------------------


---------- Date: 2013-11-15 12:14:09 ~ IP : 83.8.141.115 ----------
REQUEST URI : /gackade/admin/index.php?route=catalog/product/update&amp;token=8c9d90a72341ce490c2c6c33d19ddd7a&amp;product_id=582&amp;filter_category_id=59&amp;filter_state=new&amp;filter_cars[make]=Marka&amp;filter_cars[model]=Model&amp;filter_cars[type]=Typ
MOD DETAILS:
   modFile   : /home/demostrona/domains/demo.stronazen.pl/public_html/gackade/vqmod/xml/Auto-SEO-keywords-URL.xml
   id        : Auto SEO Keywords
   version   : 1
   vqmver    : 
   author    : Creative Ground
SEARCH NOT FOUND (ABORTING MOD): name="keyword"

----------------------------------------------------------------------


---------- Date: 2013-11-15 12:14:27 ~ IP : 83.8.141.115 ----------
REQUEST URI : /gackade/admin/index.php?route=catalog/product/update&amp;token=8c9d90a72341ce490c2c6c33d19ddd7a&amp;product_id=2278&amp;filter_category_id=60&amp;filter_state=new&amp;filter_cars[make]=Marka&amp;filter_cars[model]=Model&amp;filter_cars[type]=Typ
MOD DETAILS:
   modFile   : /home/demostrona/domains/demo.stronazen.pl/public_html/gackade/vqmod/xml/Auto-SEO-keywords-URL.xml
   id        : Auto SEO Keywords
   version   : 1
   vqmver    : 
   author    : Creative Ground
SEARCH NOT FOUND (ABORTING MOD): name="keyword"

----------------------------------------------------------------------


---------- Date: 2013-11-15 12:15:21 ~ IP : 83.8.141.115 ----------
REQUEST URI : /gackade/admin/index.php?route=catalog/product/update&amp;token=8c9d90a72341ce490c2c6c33d19ddd7a&amp;product_id=2278&amp;filter_category_id=60&amp;filter_state=new&amp;filter_cars[make]=Marka&amp;filter_cars[model]=Model&amp;filter_cars[type]=Typ
MOD DETAILS:
   modFile   : /home/demostrona/domains/demo.stronazen.pl/public_html/gackade/vqmod/xml/Auto-SEO-keywords-URL.xml
   id        : Auto SEO Keywords
   version   : 1
   vqmver    : 
   author    : Creative Ground
SEARCH NOT FOUND (ABORTING MOD): name="keyword"

----------------------------------------------------------------------


---------- Date: 2013-11-15 12:17:01 ~ IP : 83.8.141.115 ----------
REQUEST URI : /gackade/admin/index.php?route=catalog/product/update&amp;token=8c9d90a72341ce490c2c6c33d19ddd7a&amp;product_id=2278&amp;filter_category_id=60&amp;filter_state=new&amp;filter_cars[make]=Marka&amp;filter_cars[model]=Model&amp;filter_cars[type]=Typ
MOD DETAILS:
   modFile   : /home/demostrona/domains/demo.stronazen.pl/public_html/gackade/vqmod/xml/Auto-SEO-keywords-URL.xml
   id        : Auto SEO Keywords
   version   : 1
   vqmver    : 
   author    : Creative Ground
SEARCH NOT FOUND (ABORTING MOD): name="keyword"

----------------------------------------------------------------------


---------- Date: 2013-11-15 12:18:06 ~ IP : 83.8.141.115 ----------
REQUEST URI : /gackade/admin/index.php?route=catalog/product/update&amp;token=8c9d90a72341ce490c2c6c33d19ddd7a&amp;product_id=2278&amp;filter_category_id=60&amp;filter_state=new&amp;filter_cars[make]=Marka&amp;filter_cars[model]=Model&amp;filter_cars[type]=Typ
MOD DETAILS:
   modFile   : /home/demostrona/domains/demo.stronazen.pl/public_html/gackade/vqmod/xml/Auto-SEO-keywords-URL.xml
   id        : Auto SEO Keywords
   version   : 1
   vqmver    : 
   author    : Creative Ground
SEARCH NOT FOUND (ABORTING MOD): name="keyword"

----------------------------------------------------------------------


---------- Date: 2013-11-15 12:18:43 ~ IP : 83.8.141.115 ----------
REQUEST URI : /gackade/admin/index.php?route=catalog/product/update&amp;token=8c9d90a72341ce490c2c6c33d19ddd7a&amp;product_id=2278&amp;filter_category_id=60&amp;filter_state=new&amp;filter_cars[make]=Marka&amp;filter_cars[model]=Model&amp;filter_cars[type]=Typ
MOD DETAILS:
   modFile   : /home/demostrona/domains/demo.stronazen.pl/public_html/gackade/vqmod/xml/Auto-SEO-keywords-URL.xml
   id        : Auto SEO Keywords
   version   : 1
   vqmver    : 
   author    : Creative Ground
SEARCH NOT FOUND (ABORTING MOD): name="keyword"

----------------------------------------------------------------------


---------- Date: 2013-11-15 12:19:04 ~ IP : 83.8.141.115 ----------
REQUEST URI : /gackade/admin/index.php?route=catalog/product/update&amp;token=8c9d90a72341ce490c2c6c33d19ddd7a&amp;product_id=2228&amp;filter_category_id=60&amp;filter_state=new&amp;filter_cars[make]=Marka&amp;filter_cars[model]=Model&amp;filter_cars[type]=Typ
MOD DETAILS:
   modFile   : /home/demostrona/domains/demo.stronazen.pl/public_html/gackade/vqmod/xml/Auto-SEO-keywords-URL.xml
   id        : Auto SEO Keywords
   version   : 1
   vqmver    : 
   author    : Creative Ground
SEARCH NOT FOUND (ABORTING MOD): name="keyword"

----------------------------------------------------------------------


---------- Date: 2013-11-15 12:19:15 ~ IP : 83.8.141.115 ----------
REQUEST URI : /gackade/admin/index.php?route=catalog/product/update&amp;token=8c9d90a72341ce490c2c6c33d19ddd7a&amp;product_id=2278&amp;filter_category_id=60&amp;filter_state=new&amp;filter_cars[make]=Marka&amp;filter_cars[model]=Model&amp;filter_cars[type]=Typ
MOD DETAILS:
   modFile   : /home/demostrona/domains/demo.stronazen.pl/public_html/gackade/vqmod/xml/Auto-SEO-keywords-URL.xml
   id        : Auto SEO Keywords
   version   : 1
   vqmver    : 
   author    : Creative Ground
SEARCH NOT FOUND (ABORTING MOD): name="keyword"

----------------------------------------------------------------------


---------- Date: 2013-11-15 12:19:27 ~ IP : 83.8.141.115 ----------
REQUEST URI : /gackade/admin/index.php?route=catalog/product/update&amp;token=8c9d90a72341ce490c2c6c33d19ddd7a&amp;product_id=2789
MOD DETAILS:
   modFile   : /home/demostrona/domains/demo.stronazen.pl/public_html/gackade/vqmod/xml/Auto-SEO-keywords-URL.xml
   id        : Auto SEO Keywords
   version   : 1
   vqmver    : 
   author    : Creative Ground
SEARCH NOT FOUND (ABORTING MOD): name="keyword"

----------------------------------------------------------------------


---------- Date: 2013-11-15 12:19:34 ~ IP : 83.8.141.115 ----------
REQUEST URI : /gackade/admin/index.php?route=catalog/product/update&amp;token=8c9d90a72341ce490c2c6c33d19ddd7a&amp;product_id=2278&amp;filter_category_id=60&amp;filter_state=new&amp;filter_cars[make]=Marka&amp;filter_cars[model]=Model&amp;filter_cars[type]=Typ
MOD DETAILS:
   modFile   : /home/demostrona/domains/demo.stronazen.pl/public_html/gackade/vqmod/xml/Auto-SEO-keywords-URL.xml
   id        : Auto SEO Keywords
   version   : 1
   vqmver    : 
   author    : Creative Ground
SEARCH NOT FOUND (ABORTING MOD): name="keyword"

----------------------------------------------------------------------


---------- Date: 2013-11-15 12:23:24 ~ IP : 83.8.141.115 ----------
REQUEST URI : /gackade/admin/index.php?route=catalog/product/update&amp;token=8c9d90a72341ce490c2c6c33d19ddd7a&amp;product_id=2278&amp;filter_category_id=60&amp;filter_state=new&amp;filter_cars[make]=Marka&amp;filter_cars[model]=Model&amp;filter_cars[type]=Typ
MOD DETAILS:
   modFile   : /home/demostrona/domains/demo.stronazen.pl/public_html/gackade/vqmod/xml/Auto-SEO-keywords-URL.xml
   id        : Auto SEO Keywords
   version   : 1
   vqmver    : 
   author    : Creative Ground
SEARCH NOT FOUND (ABORTING MOD): name="keyword"

----------------------------------------------------------------------


---------- Date: 2013-11-15 12:25:15 ~ IP : 83.8.141.115 ----------
REQUEST URI : /gackade/admin/index.php?route=catalog/product/update&amp;token=8c9d90a72341ce490c2c6c33d19ddd7a&amp;product_id=2789
MOD DETAILS:
   modFile   : /home/demostrona/domains/demo.stronazen.pl/public_html/gackade/vqmod/xml/Auto-SEO-keywords-URL.xml
   id        : Auto SEO Keywords
   version   : 1
   vqmver    : 
   author    : Creative Ground
SEARCH NOT FOUND (ABORTING MOD): name="keyword"

----------------------------------------------------------------------


---------- Date: 2013-11-15 12:25:22 ~ IP : 83.8.141.115 ----------
REQUEST URI : /gackade/admin/index.php?route=catalog/product/update&amp;token=8c9d90a72341ce490c2c6c33d19ddd7a&amp;product_id=2278&amp;filter_category_id=60&amp;filter_state=new&amp;filter_cars[make]=Marka&amp;filter_cars[model]=Model&amp;filter_cars[type]=Typ
MOD DETAILS:
   modFile   : /home/demostrona/domains/demo.stronazen.pl/public_html/gackade/vqmod/xml/Auto-SEO-keywords-URL.xml
   id        : Auto SEO Keywords
   version   : 1
   vqmver    : 
   author    : Creative Ground
SEARCH NOT FOUND (ABORTING MOD): name="keyword"

----------------------------------------------------------------------


---------- Date: 2013-11-15 12:25:34 ~ IP : 83.8.141.115 ----------
REQUEST URI : /gackade/admin/index.php?route=catalog/product/update&amp;token=8c9d90a72341ce490c2c6c33d19ddd7a&amp;product_id=2789
MOD DETAILS:
   modFile   : /home/demostrona/domains/demo.stronazen.pl/public_html/gackade/vqmod/xml/Auto-SEO-keywords-URL.xml
   id        : Auto SEO Keywords
   version   : 1
   vqmver    : 
   author    : Creative Ground
SEARCH NOT FOUND (ABORTING MOD): name="keyword"

----------------------------------------------------------------------


---------- Date: 2013-11-15 12:25:42 ~ IP : 83.8.141.115 ----------
REQUEST URI : /gackade/admin/index.php?route=catalog/product/update&amp;token=8c9d90a72341ce490c2c6c33d19ddd7a&amp;product_id=2278&amp;filter_category_id=60&amp;filter_state=new&amp;filter_cars[make]=Marka&amp;filter_cars[model]=Model&amp;filter_cars[type]=Typ
MOD DETAILS:
   modFile   : /home/demostrona/domains/demo.stronazen.pl/public_html/gackade/vqmod/xml/Auto-SEO-keywords-URL.xml
   id        : Auto SEO Keywords
   version   : 1
   vqmver    : 
   author    : Creative Ground
SEARCH NOT FOUND (ABORTING MOD): name="keyword"

----------------------------------------------------------------------


---------- Date: 2013-11-15 12:26:13 ~ IP : 83.8.141.115 ----------
REQUEST URI : /gackade/admin/index.php?route=catalog/product/update&amp;token=8c9d90a72341ce490c2c6c33d19ddd7a&amp;product_id=2789
MOD DETAILS:
   modFile   : /home/demostrona/domains/demo.stronazen.pl/public_html/gackade/vqmod/xml/Auto-SEO-keywords-URL.xml
   id        : Auto SEO Keywords
   version   : 1
   vqmver    : 
   author    : Creative Ground
SEARCH NOT FOUND (ABORTING MOD): name="keyword"

----------------------------------------------------------------------


---------- Date: 2013-11-15 12:26:22 ~ IP : 83.8.141.115 ----------
REQUEST URI : /gackade/admin/index.php?route=catalog/product/update&amp;token=8c9d90a72341ce490c2c6c33d19ddd7a&amp;product_id=2278&amp;filter_category_id=60&amp;filter_state=new&amp;filter_cars[make]=Marka&amp;filter_cars[model]=Model&amp;filter_cars[type]=Typ
MOD DETAILS:
   modFile   : /home/demostrona/domains/demo.stronazen.pl/public_html/gackade/vqmod/xml/Auto-SEO-keywords-URL.xml
   id        : Auto SEO Keywords
   version   : 1
   vqmver    : 
   author    : Creative Ground
SEARCH NOT FOUND (ABORTING MOD): name="keyword"

----------------------------------------------------------------------


---------- Date: 2013-11-15 12:28:15 ~ IP : 83.8.141.115 ----------
REQUEST URI : /gackade/admin/index.php?route=catalog/product/update&amp;token=8c9d90a72341ce490c2c6c33d19ddd7a&amp;product_id=2789
MOD DETAILS:
   modFile   : /home/demostrona/domains/demo.stronazen.pl/public_html/gackade/vqmod/xml/Auto-SEO-keywords-URL.xml
   id        : Auto SEO Keywords
   version   : 1
   vqmver    : 
   author    : Creative Ground
SEARCH NOT FOUND (ABORTING MOD): name="keyword"

----------------------------------------------------------------------


---------- Date: 2013-11-15 12:28:22 ~ IP : 83.8.141.115 ----------
REQUEST URI : /gackade/admin/index.php?route=catalog/product/update&amp;token=8c9d90a72341ce490c2c6c33d19ddd7a&amp;product_id=2278&amp;filter_category_id=60&amp;filter_state=new&amp;filter_cars[make]=Marka&amp;filter_cars[model]=Model&amp;filter_cars[type]=Typ
MOD DETAILS:
   modFile   : /home/demostrona/domains/demo.stronazen.pl/public_html/gackade/vqmod/xml/Auto-SEO-keywords-URL.xml
   id        : Auto SEO Keywords
   version   : 1
   vqmver    : 
   author    : Creative Ground
SEARCH NOT FOUND (ABORTING MOD): name="keyword"

----------------------------------------------------------------------


---------- Date: 2013-11-15 12:28:30 ~ IP : 83.8.141.115 ----------
REQUEST URI : /gackade/admin/index.php?route=catalog/product/update&amp;token=8c9d90a72341ce490c2c6c33d19ddd7a&amp;product_id=2789
MOD DETAILS:
   modFile   : /home/demostrona/domains/demo.stronazen.pl/public_html/gackade/vqmod/xml/Auto-SEO-keywords-URL.xml
   id        : Auto SEO Keywords
   version   : 1
   vqmver    : 
   author    : Creative Ground
SEARCH NOT FOUND (ABORTING MOD): name="keyword"

----------------------------------------------------------------------


---------- Date: 2013-11-15 12:28:36 ~ IP : 83.8.141.115 ----------
REQUEST URI : /gackade/admin/index.php?route=catalog/product/update&amp;token=8c9d90a72341ce490c2c6c33d19ddd7a&amp;product_id=2278&amp;filter_category_id=60&amp;filter_state=new&amp;filter_cars[make]=Marka&amp;filter_cars[model]=Model&amp;filter_cars[type]=Typ
MOD DETAILS:
   modFile   : /home/demostrona/domains/demo.stronazen.pl/public_html/gackade/vqmod/xml/Auto-SEO-keywords-URL.xml
   id        : Auto SEO Keywords
   version   : 1
   vqmver    : 
   author    : Creative Ground
SEARCH NOT FOUND (ABORTING MOD): name="keyword"

----------------------------------------------------------------------


---------- Date: 2013-11-15 12:32:26 ~ IP : 83.8.141.115 ----------
REQUEST URI : /gackade/admin/index.php?route=catalog/product/update&amp;token=8c9d90a72341ce490c2c6c33d19ddd7a&amp;product_id=2228&amp;filter_category_id=60&amp;filter_state=new&amp;filter_cars[make]=Marka&amp;filter_cars[model]=Model&amp;filter_cars[type]=Typ
MOD DETAILS:
   modFile   : /home/demostrona/domains/demo.stronazen.pl/public_html/gackade/vqmod/xml/Auto-SEO-keywords-URL.xml
   id        : Auto SEO Keywords
   version   : 1
   vqmver    : 
   author    : Creative Ground
SEARCH NOT FOUND (ABORTING MOD): name="keyword"

----------------------------------------------------------------------


---------- Date: 2013-11-15 12:33:59 ~ IP : 83.8.141.115 ----------
REQUEST URI : /gackade/admin/index.php?route=catalog/product/update&amp;token=8c9d90a72341ce490c2c6c33d19ddd7a&amp;product_id=2228&amp;filter_category_id=60&amp;filter_state=new&amp;filter_cars[make]=Marka&amp;filter_cars[model]=Model&amp;filter_cars[type]=Typ
MOD DETAILS:
   modFile   : /home/demostrona/domains/demo.stronazen.pl/public_html/gackade/vqmod/xml/Auto-SEO-keywords-URL.xml
   id        : Auto SEO Keywords
   version   : 1
   vqmver    : 
   author    : Creative Ground
SEARCH NOT FOUND (ABORTING MOD): name="keyword"

----------------------------------------------------------------------


---------- Date: 2013-11-15 12:35:56 ~ IP : 83.8.141.115 ----------
REQUEST URI : /gackade/admin/index.php?route=catalog/product/update&amp;token=8c9d90a72341ce490c2c6c33d19ddd7a&amp;product_id=2278&amp;filter_category_id=60&amp;filter_state=new&amp;filter_cars[make]=Marka&amp;filter_cars[model]=Model&amp;filter_cars[type]=Typ
MOD DETAILS:
   modFile   : /home/demostrona/domains/demo.stronazen.pl/public_html/gackade/vqmod/xml/Auto-SEO-keywords-URL.xml
   id        : Auto SEO Keywords
   version   : 1
   vqmver    : 
   author    : Creative Ground
SEARCH NOT FOUND (ABORTING MOD): name="keyword"

----------------------------------------------------------------------


---------- Date: 2013-11-15 12:36:08 ~ IP : 83.8.141.115 ----------
REQUEST URI : /gackade/admin/index.php?route=catalog/product/update&amp;token=8c9d90a72341ce490c2c6c33d19ddd7a&amp;product_id=2228&amp;filter_category_id=60&amp;filter_state=new&amp;filter_cars[make]=Marka&amp;filter_cars[model]=Model&amp;filter_cars[type]=Typ
MOD DETAILS:
   modFile   : /home/demostrona/domains/demo.stronazen.pl/public_html/gackade/vqmod/xml/Auto-SEO-keywords-URL.xml
   id        : Auto SEO Keywords
   version   : 1
   vqmver    : 
   author    : Creative Ground
SEARCH NOT FOUND (ABORTING MOD): name="keyword"

----------------------------------------------------------------------


---------- Date: 2013-11-15 12:48:57 ~ IP : 83.8.141.115 ----------
REQUEST URI : /gackade/admin/index.php?route=catalog/product/update&amp;token=8c9d90a72341ce490c2c6c33d19ddd7a&amp;product_id=2789
MOD DETAILS:
   modFile   : /home/demostrona/domains/demo.stronazen.pl/public_html/gackade/vqmod/xml/Auto-SEO-keywords-URL.xml
   id        : Auto SEO Keywords
   version   : 1
   vqmver    : 
   author    : Creative Ground
SEARCH NOT FOUND (ABORTING MOD): name="keyword"

----------------------------------------------------------------------


---------- Date: 2013-11-15 12:49:06 ~ IP : 83.8.141.115 ----------
REQUEST URI : /gackade/admin/index.php?route=catalog/product/update&amp;token=8c9d90a72341ce490c2c6c33d19ddd7a&amp;product_id=2228&amp;filter_category_id=60&amp;filter_state=new&amp;filter_cars[make]=Marka&amp;filter_cars[model]=Model&amp;filter_cars[type]=Typ
MOD DETAILS:
   modFile   : /home/demostrona/domains/demo.stronazen.pl/public_html/gackade/vqmod/xml/Auto-SEO-keywords-URL.xml
   id        : Auto SEO Keywords
   version   : 1
   vqmver    : 
   author    : Creative Ground
SEARCH NOT FOUND (ABORTING MOD): name="keyword"

----------------------------------------------------------------------


---------- Date: 2013-11-15 12:49:25 ~ IP : 83.8.141.115 ----------
REQUEST URI : /gackade/admin/index.php?route=catalog/product/update&amp;token=8c9d90a72341ce490c2c6c33d19ddd7a&amp;product_id=2789
MOD DETAILS:
   modFile   : /home/demostrona/domains/demo.stronazen.pl/public_html/gackade/vqmod/xml/Auto-SEO-keywords-URL.xml
   id        : Auto SEO Keywords
   version   : 1
   vqmver    : 
   author    : Creative Ground
SEARCH NOT FOUND (ABORTING MOD): name="keyword"

----------------------------------------------------------------------


---------- Date: 2013-11-15 12:49:33 ~ IP : 83.8.141.115 ----------
REQUEST URI : /gackade/admin/index.php?route=catalog/product/update&amp;token=8c9d90a72341ce490c2c6c33d19ddd7a&amp;product_id=2228&amp;filter_category_id=60&amp;filter_state=new&amp;filter_cars[make]=Marka&amp;filter_cars[model]=Model&amp;filter_cars[type]=Typ
MOD DETAILS:
   modFile   : /home/demostrona/domains/demo.stronazen.pl/public_html/gackade/vqmod/xml/Auto-SEO-keywords-URL.xml
   id        : Auto SEO Keywords
   version   : 1
   vqmver    : 
   author    : Creative Ground
SEARCH NOT FOUND (ABORTING MOD): name="keyword"

----------------------------------------------------------------------


---------- Date: 2013-11-15 12:49:53 ~ IP : 83.8.141.115 ----------
REQUEST URI : /gackade/admin/index.php?route=catalog/product/update&amp;token=8c9d90a72341ce490c2c6c33d19ddd7a&amp;product_id=2789
MOD DETAILS:
   modFile   : /home/demostrona/domains/demo.stronazen.pl/public_html/gackade/vqmod/xml/Auto-SEO-keywords-URL.xml
   id        : Auto SEO Keywords
   version   : 1
   vqmver    : 
   author    : Creative Ground
SEARCH NOT FOUND (ABORTING MOD): name="keyword"

----------------------------------------------------------------------


---------- Date: 2013-11-15 12:50:01 ~ IP : 83.8.141.115 ----------
REQUEST URI : /gackade/admin/index.php?route=catalog/product/update&amp;token=8c9d90a72341ce490c2c6c33d19ddd7a&amp;product_id=2228&amp;filter_category_id=60&amp;filter_state=new&amp;filter_cars[make]=Marka&amp;filter_cars[model]=Model&amp;filter_cars[type]=Typ
MOD DETAILS:
   modFile   : /home/demostrona/domains/demo.stronazen.pl/public_html/gackade/vqmod/xml/Auto-SEO-keywords-URL.xml
   id        : Auto SEO Keywords
   version   : 1
   vqmver    : 
   author    : Creative Ground
SEARCH NOT FOUND (ABORTING MOD): name="keyword"

----------------------------------------------------------------------


