---------- Date: 2013-11-21 10:34:53 ~ IP : 83.21.206.92 ----------
REQUEST URI : /gackade/index.php?route=checkout/cart
MOD DETAILS:
   modFile   : /home/demostrona/domains/demo.stronazen.pl/public_html/gackade/vqmod/xml/vqmod_profiler.xml
   id        : OpenCart profiler
   version   : 1.0
   vqmver    : 1
   author    : Alexander Toporkov (toporchillo@gmail.com)
SEARCH NOT FOUND (ABORTING MOD): $controller->$method($args);

----------------------------------------------------------------------


---------- Date: 2013-11-21 10:35:51 ~ IP : 83.21.206.92 ----------
REQUEST URI : /gackade/index.php?route=checkout/cart
MOD DETAILS:
   modFile   : /home/demostrona/domains/demo.stronazen.pl/public_html/gackade/vqmod/xml/vqmod_profiler.xml
   id        : OpenCart profiler
   version   : 1.0
   vqmver    : 1
   author    : Alexander Toporkov (toporchillo@gmail.com)
SEARCH NOT FOUND (ABORTING MOD): $controller->$method($args);

----------------------------------------------------------------------


---------- Date: 2013-11-21 10:38:28 ~ IP : 83.21.206.92 ----------
REQUEST URI : /gackade/index.php?route=checkout/cart
MOD DETAILS:
   modFile   : /home/demostrona/domains/demo.stronazen.pl/public_html/gackade/vqmod/xml/vqmod_profiler.xml
   id        : OpenCart profiler
   version   : 1.0
   vqmver    : 1
   author    : Alexander Toporkov (toporchillo@gmail.com)
SEARCH NOT FOUND (ABORTING MOD): $controller->$method($args);

----------------------------------------------------------------------


---------- Date: 2013-11-21 10:42:26 ~ IP : 83.21.206.92 ----------
REQUEST URI : /gackade/index.php?route=checkout/cart
MOD DETAILS:
   modFile   : /home/demostrona/domains/demo.stronazen.pl/public_html/gackade/vqmod/xml/vqmod_profiler.xml
   id        : OpenCart profiler
   version   : 1.0
   vqmver    : 1
   author    : Alexander Toporkov (toporchillo@gmail.com)
SEARCH NOT FOUND (ABORTING MOD): $controller->$method($args);

----------------------------------------------------------------------


---------- Date: 2013-11-21 10:45:52 ~ IP : 83.21.206.92 ----------
REQUEST URI : /gackade/index.php?route=checkout/cart
MOD DETAILS:
   modFile   : /home/demostrona/domains/demo.stronazen.pl/public_html/gackade/vqmod/xml/vqmod_profiler.xml
   id        : OpenCart profiler
   version   : 1.0
   vqmver    : 1
   author    : Alexander Toporkov (toporchillo@gmail.com)
SEARCH NOT FOUND (ABORTING MOD): $controller->$method($args);

----------------------------------------------------------------------


