---------- Date: 2013-11-12 14:03:00 ~ IP : 83.20.130.167 ----------
REQUEST URI : /gackade/admin/index.php?route=catalog/product/update&amp;token=ba7294ba43dc1f2315c7e69ae83bcf86&amp;product_id=2393&amp;filter_category_id=60&amp;filter_state=for_regeneration&amp;filter_cars[make]=17&amp;filter_cars[model]=488&amp;filter_cars[type]=5798
MOD DETAILS:
   modFile   : /home/demostrona/domains/demo.stronazen.pl/public_html/gackade/vqmod/xml/Auto-SEO-keywords-URL.xml
   id        : Auto SEO Keywords
   version   : 1
   vqmver    : 
   author    : Creative Ground
SEARCH NOT FOUND (ABORTING MOD): name="keyword"

----------------------------------------------------------------------


---------- Date: 2013-11-12 14:03:01 ~ IP : 83.20.130.167 ----------
REQUEST URI : /gackade/admin/index.php?route=catalog/product/update&amp;token=ba7294ba43dc1f2315c7e69ae83bcf86&amp;product_id=2387&amp;filter_category_id=60&amp;filter_state=for_regeneration&amp;filter_cars[make]=17&amp;filter_cars[model]=488&amp;filter_cars[type]=5798
MOD DETAILS:
   modFile   : /home/demostrona/domains/demo.stronazen.pl/public_html/gackade/vqmod/xml/Auto-SEO-keywords-URL.xml
   id        : Auto SEO Keywords
   version   : 1
   vqmver    : 
   author    : Creative Ground
SEARCH NOT FOUND (ABORTING MOD): name="keyword"

----------------------------------------------------------------------


---------- Date: 2013-11-12 14:03:02 ~ IP : 83.20.130.167 ----------
REQUEST URI : /gackade/admin/index.php?route=catalog/product/update&amp;token=ba7294ba43dc1f2315c7e69ae83bcf86&amp;product_id=2397&amp;filter_category_id=60&amp;filter_state=for_regeneration&amp;filter_cars[make]=17&amp;filter_cars[model]=488&amp;filter_cars[type]=5798
MOD DETAILS:
   modFile   : /home/demostrona/domains/demo.stronazen.pl/public_html/gackade/vqmod/xml/Auto-SEO-keywords-URL.xml
   id        : Auto SEO Keywords
   version   : 1
   vqmver    : 
   author    : Creative Ground
SEARCH NOT FOUND (ABORTING MOD): name="keyword"

----------------------------------------------------------------------


---------- Date: 2013-11-12 14:03:02 ~ IP : 83.20.130.167 ----------
REQUEST URI : /gackade/admin/index.php?route=catalog/product/update&amp;token=ba7294ba43dc1f2315c7e69ae83bcf86&amp;product_id=2395&amp;filter_category_id=60&amp;filter_state=for_regeneration&amp;filter_cars[make]=17&amp;filter_cars[model]=488&amp;filter_cars[type]=5798
MOD DETAILS:
   modFile   : /home/demostrona/domains/demo.stronazen.pl/public_html/gackade/vqmod/xml/Auto-SEO-keywords-URL.xml
   id        : Auto SEO Keywords
   version   : 1
   vqmver    : 
   author    : Creative Ground
SEARCH NOT FOUND (ABORTING MOD): name="keyword"

----------------------------------------------------------------------


---------- Date: 2013-11-12 14:03:03 ~ IP : 83.20.130.167 ----------
REQUEST URI : /gackade/admin/index.php?route=catalog/product/update&amp;token=ba7294ba43dc1f2315c7e69ae83bcf86&amp;product_id=2389&amp;filter_category_id=60&amp;filter_state=for_regeneration&amp;filter_cars[make]=17&amp;filter_cars[model]=488&amp;filter_cars[type]=5798
MOD DETAILS:
   modFile   : /home/demostrona/domains/demo.stronazen.pl/public_html/gackade/vqmod/xml/Auto-SEO-keywords-URL.xml
   id        : Auto SEO Keywords
   version   : 1
   vqmver    : 
   author    : Creative Ground
SEARCH NOT FOUND (ABORTING MOD): name="keyword"

----------------------------------------------------------------------


---------- Date: 2013-11-12 15:40:07 ~ IP : 83.20.130.167 ----------
REQUEST URI : /gackade/admin/index.php?route=catalog/product/update&amp;token=2953aa56d4f10e7d136cbb6765bb8c05&amp;product_id=2278&amp;filter_category_id=60&amp;filter_state=new&amp;filter_cars[make]=Marka&amp;filter_cars[model]=Model&amp;filter_cars[type]=Typ
MOD DETAILS:
   modFile   : /home/demostrona/domains/demo.stronazen.pl/public_html/gackade/vqmod/xml/Auto-SEO-keywords-URL.xml
   id        : Auto SEO Keywords
   version   : 1
   vqmver    : 
   author    : Creative Ground
SEARCH NOT FOUND (ABORTING MOD): name="keyword"

----------------------------------------------------------------------


---------- Date: 2013-11-12 15:40:39 ~ IP : 83.20.130.167 ----------
REQUEST URI : /gackade/admin/index.php?route=catalog/product/update&amp;token=2953aa56d4f10e7d136cbb6765bb8c05&amp;product_id=2278&amp;filter_category_id=60&amp;filter_state=new&amp;filter_cars[make]=Marka&amp;filter_cars[model]=Model&amp;filter_cars[type]=Typ
MOD DETAILS:
   modFile   : /home/demostrona/domains/demo.stronazen.pl/public_html/gackade/vqmod/xml/Auto-SEO-keywords-URL.xml
   id        : Auto SEO Keywords
   version   : 1
   vqmver    : 
   author    : Creative Ground
SEARCH NOT FOUND (ABORTING MOD): name="keyword"

----------------------------------------------------------------------


---------- Date: 2013-11-12 15:47:34 ~ IP : 83.20.130.167 ----------
REQUEST URI : /gackade/admin/index.php?route=catalog/product/update&amp;token=2953aa56d4f10e7d136cbb6765bb8c05&amp;product_id=2278&amp;filter_category_id=60&amp;filter_state=new&amp;filter_cars[make]=Marka&amp;filter_cars[model]=Model&amp;filter_cars[type]=Typ
MOD DETAILS:
   modFile   : /home/demostrona/domains/demo.stronazen.pl/public_html/gackade/vqmod/xml/Auto-SEO-keywords-URL.xml
   id        : Auto SEO Keywords
   version   : 1
   vqmver    : 
   author    : Creative Ground
SEARCH NOT FOUND (ABORTING MOD): name="keyword"

----------------------------------------------------------------------


---------- Date: 2013-11-12 15:47:48 ~ IP : 83.20.130.167 ----------
REQUEST URI : /gackade/admin/index.php?route=catalog/product/update&amp;token=2953aa56d4f10e7d136cbb6765bb8c05&amp;product_id=2278&amp;filter_category_id=60&amp;filter_state=new&amp;filter_cars[make]=Marka&amp;filter_cars[model]=Model&amp;filter_cars[type]=Typ
MOD DETAILS:
   modFile   : /home/demostrona/domains/demo.stronazen.pl/public_html/gackade/vqmod/xml/Auto-SEO-keywords-URL.xml
   id        : Auto SEO Keywords
   version   : 1
   vqmver    : 
   author    : Creative Ground
SEARCH NOT FOUND (ABORTING MOD): name="keyword"

----------------------------------------------------------------------


---------- Date: 2013-11-12 15:48:01 ~ IP : 83.20.130.167 ----------
REQUEST URI : /gackade/admin/index.php?route=catalog/product/update&amp;token=2953aa56d4f10e7d136cbb6765bb8c05&amp;product_id=2382&amp;filter_category_id=60&amp;filter_state=new&amp;filter_cars[make]=Marka&amp;filter_cars[model]=Model&amp;filter_cars[type]=Typ
MOD DETAILS:
   modFile   : /home/demostrona/domains/demo.stronazen.pl/public_html/gackade/vqmod/xml/Auto-SEO-keywords-URL.xml
   id        : Auto SEO Keywords
   version   : 1
   vqmver    : 
   author    : Creative Ground
SEARCH NOT FOUND (ABORTING MOD): name="keyword"

----------------------------------------------------------------------


