---------- Date: 2013-11-20 15:59:03 ~ IP : 83.21.206.92 ----------
REQUEST URI : /gackade/admin/index.php?route=catalog/category/update&amp;token=a1538c7db4dbfe9703c8f0ebb668bc2c&amp;category_id=62
MOD DETAILS:
   modFile   : /home/demostrona/domains/demo.stronazen.pl/public_html/gackade/vqmod/xml/Auto-SEO-keywords-URL.xml
   id        : Auto SEO Keywords
   version   : 1
   vqmver    : 
   author    : Creative Ground
SEARCH NOT FOUND (ABORTING MOD): name="keyword"

----------------------------------------------------------------------


---------- Date: 2013-11-20 16:01:38 ~ IP : 83.21.206.92 ----------
REQUEST URI : /gackade/admin/index.php?route=catalog/category/update&amp;token=a1538c7db4dbfe9703c8f0ebb668bc2c&amp;category_id=62
MOD DETAILS:
   modFile   : /home/demostrona/domains/demo.stronazen.pl/public_html/gackade/vqmod/xml/Auto-SEO-keywords-URL.xml
   id        : Auto SEO Keywords
   version   : 1
   vqmver    : 
   author    : Creative Ground
SEARCH NOT FOUND (ABORTING MOD): name="keyword"

----------------------------------------------------------------------


---------- Date: 2013-11-20 16:31:41 ~ IP : 83.21.206.92 ----------
REQUEST URI : /gackade/admin/index.php?route=catalog/product/update&amp;token=a1538c7db4dbfe9703c8f0ebb668bc2c&amp;product_id=2789
MOD DETAILS:
   modFile   : /home/demostrona/domains/demo.stronazen.pl/public_html/gackade/vqmod/xml/Auto-SEO-keywords-URL.xml
   id        : Auto SEO Keywords
   version   : 1
   vqmver    : 
   author    : Creative Ground
SEARCH NOT FOUND (ABORTING MOD): name="keyword"

----------------------------------------------------------------------


---------- Date: 2013-11-20 17:00:11 ~ IP : 83.21.206.92 ----------
REQUEST URI : /gackade/admin/index.php?route=catalog/product/update&amp;token=a1538c7db4dbfe9703c8f0ebb668bc2c&amp;product_id=2789
MOD DETAILS:
   modFile   : /home/demostrona/domains/demo.stronazen.pl/public_html/gackade/vqmod/xml/Auto-SEO-keywords-URL.xml
   id        : Auto SEO Keywords
   version   : 1
   vqmver    : 
   author    : Creative Ground
SEARCH NOT FOUND (ABORTING MOD): name="keyword"

----------------------------------------------------------------------


---------- Date: 2013-11-20 17:20:31 ~ IP : 83.21.206.92 ----------
REQUEST URI : /gackade/admin/index.php?route=catalog/product/update&amp;token=a1538c7db4dbfe9703c8f0ebb668bc2c&amp;product_id=2899&amp;page=5
MOD DETAILS:
   modFile   : /home/demostrona/domains/demo.stronazen.pl/public_html/gackade/vqmod/xml/Auto-SEO-keywords-URL.xml
   id        : Auto SEO Keywords
   version   : 1
   vqmver    : 
   author    : Creative Ground
SEARCH NOT FOUND (ABORTING MOD): name="keyword"

----------------------------------------------------------------------


